<?xml version="1.0" encoding="UTF-8"?>
<!-- Generated by org.testng.reporters.JUnitXMLReporter -->
<testsuite ignored="0" hostname="DESKTOP-RFC9575" failures="1" tests="101" name="Default test" time="6.617" errors="0" timestamp="2022-09-12T14:33:57 WIB">
  <testcase classname="Latihan.restassured.PostDataFromExcel" name="testPost" time="0.01">
    <failure type="java.lang.NumberFormatException" message="For input string: &amp;quot;Umur&amp;quot;">
      <![CDATA[java.lang.NumberFormatException: For input string: "Umur"
at java.base/java.lang.NumberFormatException.forInputString(NumberFormatException.java:67)
at java.base/java.lang.Integer.parseInt(Integer.java:668)
at java.base/java.lang.Integer.parseInt(Integer.java:784)
at Latihan.restassured.PostDataFromExcel.testPost(PostDataFromExcel.java:63)
at java.base/jdk.internal.reflect.DirectMethodHandleAccessor.invoke(DirectMethodHandleAccessor.java:104)
at java.base/java.lang.reflect.Method.invoke(Method.java:577)
at org.testng.internal.invokers.MethodInvocationHelper.invokeMethod(MethodInvocationHelper.java:139)
at org.testng.internal.invokers.TestInvoker.invokeMethod(TestInvoker.java:677)
at org.testng.internal.invokers.TestInvoker.invokeTestMethod(TestInvoker.java:221)
at org.testng.internal.invokers.MethodRunner.runInSequence(MethodRunner.java:50)
at org.testng.internal.invokers.TestInvoker$MethodInvocationAgent.invoke(TestInvoker.java:962)
at org.testng.internal.invokers.TestInvoker.invokeTestMethods(TestInvoker.java:194)
at org.testng.internal.invokers.TestMethodWorker.invokeTestMethods(TestMethodWorker.java:148)
at org.testng.internal.invokers.TestMethodWorker.run(TestMethodWorker.java:128)
at java.base/java.util.ArrayList.forEach(ArrayList.java:1511)
at org.testng.TestRunner.privateRun(TestRunner.java:806)
at org.testng.TestRunner.run(TestRunner.java:601)
at org.testng.SuiteRunner.runTest(SuiteRunner.java:433)
at org.testng.SuiteRunner.runSequentially(SuiteRunner.java:427)
at org.testng.SuiteRunner.privateRun(SuiteRunner.java:387)
at org.testng.SuiteRunner.run(SuiteRunner.java:330)
at org.testng.SuiteRunnerWorker.runSuite(SuiteRunnerWorker.java:52)
at org.testng.SuiteRunnerWorker.run(SuiteRunnerWorker.java:95)
at org.testng.TestNG.runSuitesSequentially(TestNG.java:1256)
at org.testng.TestNG.runSuitesLocally(TestNG.java:1176)
at org.testng.TestNG.runSuites(TestNG.java:1099)
at org.testng.TestNG.run(TestNG.java:1067)
at org.testng.remote.AbstractRemoteTestNG.run(AbstractRemoteTestNG.java:115)
at org.testng.remote.RemoteTestNG.initAndRun(RemoteTestNG.java:251)
at org.testng.remote.RemoteTestNG.main(RemoteTestNG.java:77)
]]>
    </failure>
  </testcase> <!-- testPost -->
  <testcase classname="Latihan.restassured.PostDataFromExcel" name="testPost" time="1.319"/>
  <testcase classname="Latihan.restassured.PostDataFromExcel" name="testPost" time="0.05"/>
  <testcase classname="Latihan.restassured.PostDataFromExcel" name="testPost" time="0.042"/>
  <testcase classname="Latihan.restassured.PostDataFromExcel" name="testPost" time="0.046"/>
  <testcase classname="Latihan.restassured.PostDataFromExcel" name="testPost" time="0.047"/>
  <testcase classname="Latihan.restassured.PostDataFromExcel" name="testPost" time="0.044"/>
  <testcase classname="Latihan.restassured.PostDataFromExcel" name="testPost" time="0.046"/>
  <testcase classname="Latihan.restassured.PostDataFromExcel" name="testPost" time="0.044"/>
  <testcase classname="Latihan.restassured.PostDataFromExcel" name="testPost" time="0.045"/>
  <testcase classname="Latihan.restassured.PostDataFromExcel" name="testPost" time="0.044"/>
  <testcase classname="Latihan.restassured.PostDataFromExcel" name="testPost" time="0.045"/>
  <testcase classname="Latihan.restassured.PostDataFromExcel" name="testPost" time="0.046"/>
  <testcase classname="Latihan.restassured.PostDataFromExcel" name="testPost" time="0.042"/>
  <testcase classname="Latihan.restassured.PostDataFromExcel" name="testPost" time="0.046"/>
  <testcase classname="Latihan.restassured.PostDataFromExcel" name="testPost" time="0.043"/>
  <testcase classname="Latihan.restassured.PostDataFromExcel" name="testPost" time="0.048"/>
  <testcase classname="Latihan.restassured.PostDataFromExcel" name="testPost" time="0.044"/>
  <testcase classname="Latihan.restassured.PostDataFromExcel" name="testPost" time="0.046"/>
  <testcase classname="Latihan.restassured.PostDataFromExcel" name="testPost" time="0.043"/>
  <testcase classname="Latihan.restassured.PostDataFromExcel" name="testPost" time="0.046"/>
  <testcase classname="Latihan.restassured.PostDataFromExcel" name="testPost" time="0.03"/>
  <testcase classname="Latihan.restassured.PostDataFromExcel" name="testPost" time="0.046"/>
  <testcase classname="Latihan.restassured.PostDataFromExcel" name="testPost" time="0.031"/>
  <testcase classname="Latihan.restassured.PostDataFromExcel" name="testPost" time="0.042"/>
  <testcase classname="Latihan.restassured.PostDataFromExcel" name="testPost" time="0.032"/>
  <testcase classname="Latihan.restassured.PostDataFromExcel" name="testPost" time="0.045"/>
  <testcase classname="Latihan.restassured.PostDataFromExcel" name="testPost" time="0.046"/>
  <testcase classname="Latihan.restassured.PostDataFromExcel" name="testPost" time="0.045"/>
  <testcase classname="Latihan.restassured.PostDataFromExcel" name="testPost" time="0.044"/>
  <testcase classname="Latihan.restassured.PostDataFromExcel" name="testPost" time="0.042"/>
  <testcase classname="Latihan.restassured.PostDataFromExcel" name="testPost" time="0.03"/>
  <testcase classname="Latihan.restassured.PostDataFromExcel" name="testPost" time="0.042"/>
  <testcase classname="Latihan.restassured.PostDataFromExcel" name="testPost" time="0.029"/>
  <testcase classname="Latihan.restassured.PostDataFromExcel" name="testPost" time="0.031"/>
  <testcase classname="Latihan.restassured.PostDataFromExcel" name="testPost" time="0.028"/>
  <testcase classname="Latihan.restassured.PostDataFromExcel" name="testPost" time="0.03"/>
  <testcase classname="Latihan.restassured.PostDataFromExcel" name="testPost" time="0.03"/>
  <testcase classname="Latihan.restassured.PostDataFromExcel" name="testPost" time="0.03"/>
  <testcase classname="Latihan.restassured.PostDataFromExcel" name="testPost" time="0.029"/>
  <testcase classname="Latihan.restassured.PostDataFromExcel" name="testPost" time="0.046"/>
  <testcase classname="Latihan.restassured.PostDataFromExcel" name="testPost" time="0.031"/>
  <testcase classname="Latihan.restassured.PostDataFromExcel" name="testPost" time="0.043"/>
  <testcase classname="Latihan.restassured.PostDataFromExcel" name="testPost" time="0.046"/>
  <testcase classname="Latihan.restassured.PostDataFromExcel" name="testPost" time="0.045"/>
  <testcase classname="Latihan.restassured.PostDataFromExcel" name="testPost" time="0.029"/>
  <testcase classname="Latihan.restassured.PostDataFromExcel" name="testPost" time="0.031"/>
  <testcase classname="Latihan.restassured.PostDataFromExcel" name="testPost" time="0.027"/>
  <testcase classname="Latihan.restassured.PostDataFromExcel" name="testPost" time="0.031"/>
  <testcase classname="Latihan.restassured.PostDataFromExcel" name="testPost" time="0.045"/>
  <testcase classname="Latihan.restassured.PostDataFromExcel" name="testPost" time="0.012"/>
  <testcase classname="Latihan.restassured.PostDataFromExcel" name="testPost" time="0.031"/>
  <testcase classname="Latihan.restassured.PostDataFromExcel" name="testPost" time="0.03"/>
  <testcase classname="Latihan.restassured.PostDataFromExcel" name="testPost" time="0.043"/>
  <testcase classname="Latihan.restassured.PostDataFromExcel" name="testPost" time="0.028"/>
  <testcase classname="Latihan.restassured.PostDataFromExcel" name="testPost" time="0.032"/>
  <testcase classname="Latihan.restassured.PostDataFromExcel" name="testPost" time="0.031"/>
  <testcase classname="Latihan.restassured.PostDataFromExcel" name="testPost" time="0.028"/>
  <testcase classname="Latihan.restassured.PostDataFromExcel" name="testPost" time="0.029"/>
  <testcase classname="Latihan.restassured.PostDataFromExcel" name="testPost" time="0.03"/>
  <testcase classname="Latihan.restassured.PostDataFromExcel" name="testPost" time="0.03"/>
  <testcase classname="Latihan.restassured.PostDataFromExcel" name="testPost" time="0.015"/>
  <testcase classname="Latihan.restassured.PostDataFromExcel" name="testPost" time="0.045"/>
  <testcase classname="Latihan.restassured.PostDataFromExcel" name="testPost" time="0.03"/>
  <testcase classname="Latihan.restassured.PostDataFromExcel" name="testPost" time="0.051"/>
  <testcase classname="Latihan.restassured.PostDataFromExcel" name="testPost" time="0.04"/>
  <testcase classname="Latihan.restassured.PostDataFromExcel" name="testPost" time="0.013"/>
  <testcase classname="Latihan.restassured.PostDataFromExcel" name="testPost" time="0.03"/>
  <testcase classname="Latihan.restassured.PostDataFromExcel" name="testPost" time="0.013"/>
  <testcase classname="Latihan.restassured.PostDataFromExcel" name="testPost" time="0.031"/>
  <testcase classname="Latihan.restassured.PostDataFromExcel" name="testPost" time="0.046"/>
  <testcase classname="Latihan.restassured.PostDataFromExcel" name="testPost" time="0.046"/>
  <testcase classname="Latihan.restassured.PostDataFromExcel" name="testPost" time="0.043"/>
  <testcase classname="Latihan.restassured.PostDataFromExcel" name="testPost" time="0.063"/>
  <testcase classname="Latihan.restassured.PostDataFromExcel" name="testPost" time="0.044"/>
  <testcase classname="Latihan.restassured.PostDataFromExcel" name="testPost" time="0.03"/>
  <testcase classname="Latihan.restassured.PostDataFromExcel" name="testPost" time="0.03"/>
  <testcase classname="Latihan.restassured.PostDataFromExcel" name="testPost" time="0.033"/>
  <testcase classname="Latihan.restassured.PostDataFromExcel" name="testPost" time="0.044"/>
  <testcase classname="Latihan.restassured.PostDataFromExcel" name="testPost" time="0.045"/>
  <testcase classname="Latihan.restassured.PostDataFromExcel" name="testPost" time="0.044"/>
  <testcase classname="Latihan.restassured.PostDataFromExcel" name="testPost" time="0.015"/>
  <testcase classname="Latihan.restassured.PostDataFromExcel" name="testPost" time="0.019"/>
  <testcase classname="Latihan.restassured.PostDataFromExcel" name="testPost" time="0.027"/>
  <testcase classname="Latihan.restassured.PostDataFromExcel" name="testPost" time="0.014"/>
  <testcase classname="Latihan.restassured.PostDataFromExcel" name="testPost" time="0.045"/>
  <testcase classname="Latihan.restassured.PostDataFromExcel" name="testPost" time="0.043"/>
  <testcase classname="Latihan.restassured.PostDataFromExcel" name="testPost" time="0.044"/>
  <testcase classname="Latihan.restassured.PostDataFromExcel" name="testPost" time="0.031"/>
  <testcase classname="Latihan.restassured.PostDataFromExcel" name="testPost" time="0.044"/>
  <testcase classname="Latihan.restassured.PostDataFromExcel" name="testPost" time="0.029"/>
  <testcase classname="Latihan.restassured.PostDataFromExcel" name="testPost" time="0.047"/>
  <testcase classname="Latihan.restassured.PostDataFromExcel" name="testPost" time="0.043"/>
  <testcase classname="Latihan.restassured.PostDataFromExcel" name="testPost" time="0.047"/>
  <testcase classname="Latihan.restassured.PostDataFromExcel" name="testPost" time="0.028"/>
  <testcase classname="Latihan.restassured.PostDataFromExcel" name="testPost" time="0.043"/>
  <testcase classname="Latihan.restassured.PostDataFromExcel" name="testPost" time="0.045"/>
  <testcase classname="Latihan.restassured.PostDataFromExcel" name="testPost" time="0.046"/>
  <testcase classname="Latihan.restassured.PostDataFromExcel" name="testPost" time="0.042"/>
  <testcase classname="Latihan.restassured.PostDataFromExcel" name="testPost" time="0.045"/>
  <testcase classname="Latihan.restassured.PostDataFromExcel" name="testPost" time="0.029"/>
</testsuite> <!-- Default test -->
