<?xml version="1.0" encoding="UTF-8"?>
<!-- Generated by org.testng.reporters.JUnitXMLReporter -->
<testsuite ignored="0" hostname="DESKTOP-RFC9575" failures="0" tests="10" name="Default test" time="4.937" errors="0" timestamp="2022-09-18T10:32:02 WIB">
  <testcase classname="Ujian.ujiankeempat.openweather.ByZipCodeCountryCode" name="testGet" time="1.522"/>
  <testcase classname="Ujian.ujiankeempat.openweather.ByZipCodeCountryCode" name="testGet" time="0.247"/>
  <testcase classname="Ujian.ujiankeempat.openweather.ByZipCodeCountryCode" name="testGet" time="0.233"/>
  <testcase classname="Ujian.ujiankeempat.openweather.ByZipCodeCountryCode" name="testGet" time="0.239"/>
  <testcase classname="Ujian.ujiankeempat.openweather.ByZipCodeCountryCode" name="testGet" time="0.234"/>
  <testcase classname="Ujian.ujiankeempat.openweather.ByZipCodeCountryCode" name="testGet" time="0.236"/>
  <testcase classname="Ujian.ujiankeempat.openweather.ByZipCodeCountryCode" name="testGet" time="0.271"/>
  <testcase classname="Ujian.ujiankeempat.openweather.ByZipCodeCountryCode" name="testGet" time="0.237"/>
  <testcase classname="Ujian.ujiankeempat.openweather.ByZipCodeCountryCode" name="testGet" time="0.231"/>
  <testcase classname="Ujian.ujiankeempat.openweather.ByZipCodeCountryCode" name="testGet" time="0.237"/>
</testsuite> <!-- Default test -->
