<?xml version="1.0" encoding="UTF-8"?>
<testng-results ignored="0" total="1" passed="1" failed="0" skipped="0">
  <reporter-output>
  </reporter-output>
  <suite started-at="2022-09-25T11:38:04 WIB" name="Default suite" finished-at="2022-09-25T11:38:18 WIB" duration-ms="13390">
    <groups>
    </groups>
    <test started-at="2022-09-25T11:38:04 WIB" name="Default test" finished-at="2022-09-25T11:38:18 WIB" duration-ms="13390">
      <class name="Ujian.ujiankelima.selenium.TestShowPage">
        <test-method is-config="true" signature="pageObject()[pri:0, instance:Ujian.ujiankelima.selenium.TestShowPage@2a7f1f10]" started-at="2022-09-25T11:38:04 WIB" name="pageObject" finished-at="2022-09-25T11:38:12 WIB" duration-ms="8148" status="PASS">
          <reporter-output>
          </reporter-output>
        </test-method> <!-- pageObject -->
        <test-method signature="testShareProduct()[pri:0, instance:Ujian.ujiankelima.selenium.TestShowPage@2a7f1f10]" started-at="2022-09-25T11:38:12 WIB" name="testShareProduct" finished-at="2022-09-25T11:38:16 WIB" duration-ms="4016" status="PASS">
          <reporter-output>
          </reporter-output>
        </test-method> <!-- testShareProduct -->
        <test-method is-config="true" signature="closeBrowser()[pri:0, instance:Ujian.ujiankelima.selenium.TestShowPage@2a7f1f10]" started-at="2022-09-25T11:38:16 WIB" name="closeBrowser" finished-at="2022-09-25T11:38:18 WIB" duration-ms="1190" status="PASS">
          <reporter-output>
          </reporter-output>
        </test-method> <!-- closeBrowser -->
      </class> <!-- Ujian.ujiankelima.selenium.TestShowPage -->
    </test> <!-- Default test -->
  </suite> <!-- Default suite -->
</testng-results>
