<?xml version="1.0" encoding="UTF-8"?>
<testng-results ignored="0" total="10" passed="10" failed="0" skipped="0">
  <reporter-output>
  </reporter-output>
  <suite started-at="2022-09-18T10:31:57 WIB" name="Default suite" finished-at="2022-09-18T10:32:02 WIB" duration-ms="4937">
    <groups>
    </groups>
    <test started-at="2022-09-18T10:31:57 WIB" name="Default test" finished-at="2022-09-18T10:32:02 WIB" duration-ms="4937">
      <class name="Ujian.ujiankeempat.openweather.ByZipCodeCountryCode">
        <test-method is-config="true" signature="befTest()[pri:0, instance:Ujian.ujiankeempat.openweather.ByZipCodeCountryCode@3b0fe47a]" started-at="2022-09-18T10:31:57 WIB" name="befTest" finished-at="2022-09-18T10:31:58 WIB" duration-ms="1166" status="PASS">
          <reporter-output>
          </reporter-output>
        </test-method> <!-- befTest -->
        <test-method signature="testGet(java.lang.String,java.lang.String)[pri:0, instance:Ujian.ujiankeempat.openweather.ByZipCodeCountryCode@3b0fe47a]" started-at="2022-09-18T10:31:58 WIB" name="testGet" data-provider="DataProviderFirst" finished-at="2022-09-18T10:31:59 WIB" duration-ms="1522" status="PASS">
          <params>
            <param index="0">
              <value>
                <![CDATA[36507]]>
              </value>
            </param>
            <param index="1">
              <value>
                <![CDATA[US]]>
              </value>
            </param>
          </params>
          <reporter-output>
          </reporter-output>
        </test-method> <!-- testGet -->
        <test-method signature="testGet(java.lang.String,java.lang.String)[pri:0, instance:Ujian.ujiankeempat.openweather.ByZipCodeCountryCode@3b0fe47a]" started-at="2022-09-18T10:31:59 WIB" name="testGet" data-provider="DataProviderFirst" finished-at="2022-09-18T10:32:00 WIB" duration-ms="247" status="PASS">
          <params>
            <param index="0">
              <value>
                <![CDATA[60148]]>
              </value>
            </param>
            <param index="1">
              <value>
                <![CDATA[US]]>
              </value>
            </param>
          </params>
          <reporter-output>
          </reporter-output>
        </test-method> <!-- testGet -->
        <test-method signature="testGet(java.lang.String,java.lang.String)[pri:0, instance:Ujian.ujiankeempat.openweather.ByZipCodeCountryCode@3b0fe47a]" started-at="2022-09-18T10:32:00 WIB" name="testGet" data-provider="DataProviderFirst" finished-at="2022-09-18T10:32:00 WIB" duration-ms="233" status="PASS">
          <params>
            <param index="0">
              <value>
                <![CDATA[48216]]>
              </value>
            </param>
            <param index="1">
              <value>
                <![CDATA[US]]>
              </value>
            </param>
          </params>
          <reporter-output>
          </reporter-output>
        </test-method> <!-- testGet -->
        <test-method signature="testGet(java.lang.String,java.lang.String)[pri:0, instance:Ujian.ujiankeempat.openweather.ByZipCodeCountryCode@3b0fe47a]" started-at="2022-09-18T10:32:00 WIB" name="testGet" data-provider="DataProviderFirst" finished-at="2022-09-18T10:32:00 WIB" duration-ms="239" status="PASS">
          <params>
            <param index="0">
              <value>
                <![CDATA[45056]]>
              </value>
            </param>
            <param index="1">
              <value>
                <![CDATA[US]]>
              </value>
            </param>
          </params>
          <reporter-output>
          </reporter-output>
        </test-method> <!-- testGet -->
        <test-method signature="testGet(java.lang.String,java.lang.String)[pri:0, instance:Ujian.ujiankeempat.openweather.ByZipCodeCountryCode@3b0fe47a]" started-at="2022-09-18T10:32:00 WIB" name="testGet" data-provider="DataProviderFirst" finished-at="2022-09-18T10:32:00 WIB" duration-ms="234" status="PASS">
          <params>
            <param index="0">
              <value>
                <![CDATA[30107]]>
              </value>
            </param>
            <param index="1">
              <value>
                <![CDATA[US]]>
              </value>
            </param>
          </params>
          <reporter-output>
          </reporter-output>
        </test-method> <!-- testGet -->
        <test-method signature="testGet(java.lang.String,java.lang.String)[pri:0, instance:Ujian.ujiankeempat.openweather.ByZipCodeCountryCode@3b0fe47a]" started-at="2022-09-18T10:32:00 WIB" name="testGet" data-provider="DataProviderFirst" finished-at="2022-09-18T10:32:01 WIB" duration-ms="236" status="PASS">
          <params>
            <param index="0">
              <value>
                <![CDATA[32044]]>
              </value>
            </param>
            <param index="1">
              <value>
                <![CDATA[US]]>
              </value>
            </param>
          </params>
          <reporter-output>
          </reporter-output>
        </test-method> <!-- testGet -->
        <test-method signature="testGet(java.lang.String,java.lang.String)[pri:0, instance:Ujian.ujiankeempat.openweather.ByZipCodeCountryCode@3b0fe47a]" started-at="2022-09-18T10:32:01 WIB" name="testGet" data-provider="DataProviderFirst" finished-at="2022-09-18T10:32:01 WIB" duration-ms="271" status="PASS">
          <params>
            <param index="0">
              <value>
                <![CDATA[32050]]>
              </value>
            </param>
            <param index="1">
              <value>
                <![CDATA[US]]>
              </value>
            </param>
          </params>
          <reporter-output>
          </reporter-output>
        </test-method> <!-- testGet -->
        <test-method signature="testGet(java.lang.String,java.lang.String)[pri:0, instance:Ujian.ujiankeempat.openweather.ByZipCodeCountryCode@3b0fe47a]" started-at="2022-09-18T10:32:01 WIB" name="testGet" data-provider="DataProviderFirst" finished-at="2022-09-18T10:32:01 WIB" duration-ms="237" status="PASS">
          <params>
            <param index="0">
              <value>
                <![CDATA[32331]]>
              </value>
            </param>
            <param index="1">
              <value>
                <![CDATA[US]]>
              </value>
            </param>
          </params>
          <reporter-output>
          </reporter-output>
        </test-method> <!-- testGet -->
        <test-method signature="testGet(java.lang.String,java.lang.String)[pri:0, instance:Ujian.ujiankeempat.openweather.ByZipCodeCountryCode@3b0fe47a]" started-at="2022-09-18T10:32:01 WIB" name="testGet" data-provider="DataProviderFirst" finished-at="2022-09-18T10:32:01 WIB" duration-ms="231" status="PASS">
          <params>
            <param index="0">
              <value>
                <![CDATA[32641]]>
              </value>
            </param>
            <param index="1">
              <value>
                <![CDATA[US]]>
              </value>
            </param>
          </params>
          <reporter-output>
          </reporter-output>
        </test-method> <!-- testGet -->
        <test-method signature="testGet(java.lang.String,java.lang.String)[pri:0, instance:Ujian.ujiankeempat.openweather.ByZipCodeCountryCode@3b0fe47a]" started-at="2022-09-18T10:32:01 WIB" name="testGet" data-provider="DataProviderFirst" finished-at="2022-09-18T10:32:02 WIB" duration-ms="237" status="PASS">
          <params>
            <param index="0">
              <value>
                <![CDATA[25647]]>
              </value>
            </param>
            <param index="1">
              <value>
                <![CDATA[US]]>
              </value>
            </param>
          </params>
          <reporter-output>
          </reporter-output>
        </test-method> <!-- testGet -->
      </class> <!-- Ujian.ujiankeempat.openweather.ByZipCodeCountryCode -->
    </test> <!-- Default test -->
  </suite> <!-- Default suite -->
</testng-results>
